<?xml version="1.0" encoding="UTF-8"?>
<testsuites>
  <testsuite name="/home/golivera/ts/inmobiliaria/inmobiliaria/tests/qa/Config/phpunit.qa.xml" tests="9" assertions="18" errors="0" failures="5" skipped="0" time="28.225607">
    <testsuite name="QA Performance Tests" tests="9" assertions="18" errors="0" failures="5" skipped="0" time="28.225607">
      <testsuite name="Tests\QA\Performance\UserManagementPerformanceTest" file="/home/golivera/ts/inmobiliaria/inmobiliaria/tests/qa/Performance/UserManagementPerformanceTest.php" tests="9" assertions="18" errors="0" failures="5" skipped="0" time="28.225607">
        <testcase name="test_user_index_performance_with_large_dataset" file="/home/golivera/ts/inmobiliaria/inmobiliaria/tests/qa/Performance/UserManagementPerformanceTest.php" line="86" class="Tests\QA\Performance\UserManagementPerformanceTest" classname="Tests.QA.Performance.UserManagementPerformanceTest" assertions="3" time="24.578917">
          <failure type="PHPUnit\Framework\ExpectationFailedException">Tests\QA\Performance\UserManagementPerformanceTest::test_user_index_performance_with_large_dataset
Expected response status code [200] but received 403.
Failed asserting that 403 is identical to 200.

/home/golivera/ts/inmobiliaria/inmobiliaria/vendor/laravel/framework/src/Illuminate/Testing/TestResponseAssert.php:45
/home/golivera/ts/inmobiliaria/inmobiliaria/vendor/laravel/framework/src/Illuminate/Testing/TestResponse.php:174
/home/golivera/ts/inmobiliaria/inmobiliaria/tests/qa/Performance/UserManagementPerformanceTest.php:99</failure>
        </testcase>
        <testcase name="test_user_search_performance" file="/home/golivera/ts/inmobiliaria/inmobiliaria/tests/qa/Performance/UserManagementPerformanceTest.php" line="110" class="Tests\QA\Performance\UserManagementPerformanceTest" classname="Tests.QA.Performance.UserManagementPerformanceTest" assertions="3" time="1.663562">
          <failure type="PHPUnit\Framework\ExpectationFailedException">Tests\QA\Performance\UserManagementPerformanceTest::test_user_search_performance
Expected response status code [200] but received 403.
Failed asserting that 403 is identical to 200.

/home/golivera/ts/inmobiliaria/inmobiliaria/vendor/laravel/framework/src/Illuminate/Testing/TestResponseAssert.php:45
/home/golivera/ts/inmobiliaria/inmobiliaria/vendor/laravel/framework/src/Illuminate/Testing/TestResponse.php:174
/home/golivera/ts/inmobiliaria/inmobiliaria/tests/qa/Performance/UserManagementPerformanceTest.php:124</failure>
        </testcase>
        <testcase name="test_user_creation_performance" file="/home/golivera/ts/inmobiliaria/inmobiliaria/tests/qa/Performance/UserManagementPerformanceTest.php" line="135" class="Tests\QA\Performance\UserManagementPerformanceTest" classname="Tests.QA.Performance.UserManagementPerformanceTest" assertions="3" time="0.022142">
          <failure type="PHPUnit\Framework\ExpectationFailedException">Tests\QA\Performance\UserManagementPerformanceTest::test_user_creation_performance
Expected response status code [201, 301, 302, 303, 307, 308] but received 403.
Failed asserting that false is true.

/home/golivera/ts/inmobiliaria/inmobiliaria/vendor/laravel/framework/src/Illuminate/Testing/TestResponseAssert.php:45
/home/golivera/ts/inmobiliaria/inmobiliaria/vendor/laravel/framework/src/Illuminate/Testing/TestResponse.php:199
/home/golivera/ts/inmobiliaria/inmobiliaria/tests/qa/Performance/UserManagementPerformanceTest.php:146</failure>
        </testcase>
        <testcase name="test_bulk_user_operations_performance" file="/home/golivera/ts/inmobiliaria/inmobiliaria/tests/qa/Performance/UserManagementPerformanceTest.php" line="156" class="Tests\QA\Performance\UserManagementPerformanceTest" classname="Tests.QA.Performance.UserManagementPerformanceTest" assertions="2" time="0.205969">
          <system-out>
📦 Bulk Operations Performance (50 users):
⏱️  Total Time: 188.56ms
⏱️  Average per User: 3.77ms
💾 Total Memory: 3.24MB
</system-out>
        </testcase>
        <testcase name="test_database_query_efficiency" file="/home/golivera/ts/inmobiliaria/inmobiliaria/tests/qa/Performance/UserManagementPerformanceTest.php" line="186" class="Tests\QA\Performance\UserManagementPerformanceTest" classname="Tests.QA.Performance.UserManagementPerformanceTest" assertions="2" time="0.393612">
          <system-out>
🗄️  Database Query Performance:
📊 Total Queries: 5
⏱️  Average Query Time: 0.37ms
🐌 Slow Queries: 0
</system-out>
        </testcase>
        <testcase name="test_role_assignment_performance" file="/home/golivera/ts/inmobiliaria/inmobiliaria/tests/qa/Performance/UserManagementPerformanceTest.php" line="222" class="Tests\QA\Performance\UserManagementPerformanceTest" classname="Tests.QA.Performance.UserManagementPerformanceTest" assertions="2" time="0.022333">
          <system-out>
🔐 Role Assignment Performance:
⏱️  Time: 5.17ms
💾 Memory: 0.1MB
</system-out>
        </testcase>
        <testcase name="test_permission_checking_performance" file="/home/golivera/ts/inmobiliaria/inmobiliaria/tests/qa/Performance/UserManagementPerformanceTest.php" line="245" class="Tests\QA\Performance\UserManagementPerformanceTest" classname="Tests.QA.Performance.UserManagementPerformanceTest" assertions="1" time="0.218782">
          <failure type="PHPUnit\Framework\ExpectationFailedException">Tests\QA\Performance\UserManagementPerformanceTest::test_permission_checking_performance
Execution time 202.3ms exceeds limit of 100ms
Failed asserting that 202.3 is less than 100.

/home/golivera/ts/inmobiliaria/inmobiliaria/tests/qa/Performance/UserManagementPerformanceTest.php:54
/home/golivera/ts/inmobiliaria/inmobiliaria/tests/qa/Performance/UserManagementPerformanceTest.php:262</failure>
        </testcase>
        <testcase name="test_memory_usage_large_operations" file="/home/golivera/ts/inmobiliaria/inmobiliaria/tests/qa/Performance/UserManagementPerformanceTest.php" line="273" class="Tests\QA\Performance\UserManagementPerformanceTest" classname="Tests.QA.Performance.UserManagementPerformanceTest" assertions="1" time="1.028235">
          <system-out>
💾 Memory Usage Analysis:
🔄 Initial Memory: 43.31MB
📈 After Loading 1500 Users: 50.31MB
📊 Memory Increase: 7.01MB
🔝 Peak Memory: 50.35MB
</system-out>
        </testcase>
        <testcase name="test_concurrent_operations_simulation" file="/home/golivera/ts/inmobiliaria/inmobiliaria/tests/qa/Performance/UserManagementPerformanceTest.php" line="299" class="Tests\QA\Performance\UserManagementPerformanceTest" classname="Tests.QA.Performance.UserManagementPerformanceTest" assertions="1" time="0.092056">
          <failure type="PHPUnit\Framework\ExpectationFailedException">Tests\QA\Performance\UserManagementPerformanceTest::test_concurrent_operations_simulation
Expected response status code [200] but received 403.
Failed asserting that 403 is identical to 200.

/home/golivera/ts/inmobiliaria/inmobiliaria/vendor/laravel/framework/src/Illuminate/Testing/TestResponseAssert.php:45
/home/golivera/ts/inmobiliaria/inmobiliaria/vendor/laravel/framework/src/Illuminate/Testing/TestResponse.php:174
/home/golivera/ts/inmobiliaria/inmobiliaria/tests/qa/Performance/UserManagementPerformanceTest.php:322</failure>
        </testcase>
      </testsuite>
    </testsuite>
  </testsuite>
</testsuites>
