<?xml version="1.0" encoding="UTF-8"?>
<testsuites>
  <testsuite name="/home/golivera/ts/inmobiliaria/inmobiliaria/tests/qa/Config/phpunit.qa.xml" tests="11" assertions="19" errors="0" failures="4" skipped="0" time="24.315588">
    <testsuite name="QA Security Tests" tests="11" assertions="19" errors="0" failures="4" skipped="0" time="24.315588">
      <testsuite name="Tests\QA\Security\AuthenticationSecurityTest" file="/home/golivera/ts/inmobiliaria/inmobiliaria/tests/qa/Security/AuthenticationSecurityTest.php" tests="11" assertions="19" errors="0" failures="4" skipped="0" time="24.315588">
        <testcase name="test_login_rate_limiting_prevents_brute_force" file="/home/golivera/ts/inmobiliaria/inmobiliaria/tests/qa/Security/AuthenticationSecurityTest.php" line="64" class="Tests\QA\Security\AuthenticationSecurityTest" classname="Tests.QA.Security.AuthenticationSecurityTest" assertions="1" time="23.815720"/>
        <testcase name="test_login_prevents_sql_injection" file="/home/golivera/ts/inmobiliaria/inmobiliaria/tests/qa/Security/AuthenticationSecurityTest.php" line="89" class="Tests\QA\Security\AuthenticationSecurityTest" classname="Tests.QA.Security.AuthenticationSecurityTest" assertions="4" time="0.019626"/>
        <testcase name="test_user_creation_prevents_xss" file="/home/golivera/ts/inmobiliaria/inmobiliaria/tests/qa/Security/AuthenticationSecurityTest.php" line="109" class="Tests\QA\Security\AuthenticationSecurityTest" classname="Tests.QA.Security.AuthenticationSecurityTest" assertions="0" time="0.043001"/>
        <testcase name="test_csrf_protection_is_active" file="/home/golivera/ts/inmobiliaria/inmobiliaria/tests/qa/Security/AuthenticationSecurityTest.php" line="139" class="Tests\QA\Security\AuthenticationSecurityTest" classname="Tests.QA.Security.AuthenticationSecurityTest" assertions="1" time="0.027563">
          <failure type="PHPUnit\Framework\ExpectationFailedException">Tests\QA\Security\AuthenticationSecurityTest::test_csrf_protection_is_active
Failed asserting that an array contains 403.

/home/golivera/ts/inmobiliaria/inmobiliaria/tests/qa/Security/AuthenticationSecurityTest.php:149</failure>
        </testcase>
        <testcase name="test_unauthorized_access_prevention" file="/home/golivera/ts/inmobiliaria/inmobiliaria/tests/qa/Security/AuthenticationSecurityTest.php" line="162" class="Tests\QA\Security\AuthenticationSecurityTest" classname="Tests.QA.Security.AuthenticationSecurityTest" assertions="6" time="0.038581"/>
        <testcase name="test_session_security_headers" file="/home/golivera/ts/inmobiliaria/inmobiliaria/tests/qa/Security/AuthenticationSecurityTest.php" line="184" class="Tests\QA\Security\AuthenticationSecurityTest" classname="Tests.QA.Security.AuthenticationSecurityTest" assertions="1" time="0.028291">
          <failure type="PHPUnit\Framework\ExpectationFailedException">Tests\QA\Security\AuthenticationSecurityTest::test_session_security_headers
Failed asserting that an array contains 403.

/home/golivera/ts/inmobiliaria/inmobiliaria/tests/qa/Security/AuthenticationSecurityTest.php:191</failure>
        </testcase>
        <testcase name="test_passwords_are_properly_hashed" file="/home/golivera/ts/inmobiliaria/inmobiliaria/tests/qa/Security/AuthenticationSecurityTest.php" line="200" class="Tests\QA\Security\AuthenticationSecurityTest" classname="Tests.QA.Security.AuthenticationSecurityTest" assertions="1" time="0.023035">
          <failure type="PHPUnit\Framework\ExpectationFailedException">Tests\QA\Security\AuthenticationSecurityTest::test_passwords_are_properly_hashed
Expected response status code [201, 301, 302, 303, 307, 308] but received 403.
Failed asserting that false is true.

/home/golivera/ts/inmobiliaria/inmobiliaria/vendor/laravel/framework/src/Illuminate/Testing/TestResponseAssert.php:45
/home/golivera/ts/inmobiliaria/inmobiliaria/vendor/laravel/framework/src/Illuminate/Testing/TestResponse.php:199
/home/golivera/ts/inmobiliaria/inmobiliaria/tests/qa/Security/AuthenticationSecurityTest.php:211</failure>
        </testcase>
        <testcase name="test_privilege_escalation_prevention" file="/home/golivera/ts/inmobiliaria/inmobiliaria/tests/qa/Security/AuthenticationSecurityTest.php" line="224" class="Tests\QA\Security\AuthenticationSecurityTest" classname="Tests.QA.Security.AuthenticationSecurityTest" assertions="2" time="0.030914"/>
        <testcase name="test_avatar_upload_security" file="/home/golivera/ts/inmobiliaria/inmobiliaria/tests/qa/Security/AuthenticationSecurityTest.php" line="246" class="Tests\QA\Security\AuthenticationSecurityTest" classname="Tests.QA.Security.AuthenticationSecurityTest" assertions="0" time="0.028025"/>
        <testcase name="test_input_length_limits" file="/home/golivera/ts/inmobiliaria/inmobiliaria/tests/qa/Security/AuthenticationSecurityTest.php" line="281" class="Tests\QA\Security\AuthenticationSecurityTest" classname="Tests.QA.Security.AuthenticationSecurityTest" assertions="1" time="0.026168">
          <failure type="PHPUnit\Framework\ExpectationFailedException">Tests\QA\Security\AuthenticationSecurityTest::test_input_length_limits
Session is missing expected key [errors].
Failed asserting that false is true.

/home/golivera/ts/inmobiliaria/inmobiliaria/vendor/laravel/framework/src/Illuminate/Testing/TestResponseAssert.php:45
/home/golivera/ts/inmobiliaria/inmobiliaria/vendor/laravel/framework/src/Illuminate/Testing/TestResponse.php:1517
/home/golivera/ts/inmobiliaria/inmobiliaria/vendor/laravel/framework/src/Illuminate/Testing/TestResponse.php:1594
/home/golivera/ts/inmobiliaria/inmobiliaria/tests/qa/Security/AuthenticationSecurityTest.php:298</failure>
        </testcase>
        <testcase name="test_inactive_user_cannot_access_system" file="/home/golivera/ts/inmobiliaria/inmobiliaria/tests/qa/Security/AuthenticationSecurityTest.php" line="304" class="Tests\QA\Security\AuthenticationSecurityTest" classname="Tests.QA.Security.AuthenticationSecurityTest" assertions="2" time="0.234663"/>
      </testsuite>
    </testsuite>
  </testsuite>
</testsuites>
